<?xml version="1.0" encoding="UTF-8"?><testrun name="A3AdeptTest" project="Assignment_3" tests="10" started="10" failures="0" errors="1" ignored="0">
  <testsuite name="a3test.A3AdeptTest" time="0.002">
    <testcase name="pictureGetAndSetBadParameterTest" classname="a3test.A3AdeptTest" time="0.0"/>
    <testcase name="lightenTest" classname="a3test.A3AdeptTest" time="0.0"/>
    <testcase name="pictureWidthHeightGettersTest" classname="a3test.A3AdeptTest" time="0.0"/>
    <testcase name="darkenTest" classname="a3test.A3AdeptTest" time="0.0"/>
    <testcase name="badParameterTest" classname="a3test.A3AdeptTest" time="0.0"/>
    <testcase name="pictureGetAndSetPixelTest" classname="a3test.A3AdeptTest" time="0.0"/>
    <testcase name="pictureConstructorTest" classname="a3test.A3AdeptTest" time="0.001">
      <error>java.lang.ArrayIndexOutOfBoundsException: 5&#13;
	at a3adept.PictureImpl.getPixel(PictureImpl.java:54)&#13;
	at a3test.A3AdeptTest.pictureConstructorTest(A3AdeptTest.java:203)&#13;
	at sun.reflect.NativeMethodAccessorImpl.invoke0(Native Method)&#13;
	at sun.reflect.NativeMethodAccessorImpl.invoke(Unknown Source)&#13;
	at sun.reflect.DelegatingMethodAccessorImpl.invoke(Unknown Source)&#13;
	at java.lang.reflect.Method.invoke(Unknown Source)&#13;
	at org.junit.runners.model.FrameworkMethod$1.runReflectiveCall(FrameworkMethod.java:50)&#13;
	at org.junit.internal.runners.model.ReflectiveCallable.run(ReflectiveCallable.java:12)&#13;
	at org.junit.runners.model.FrameworkMethod.invokeExplosively(FrameworkMethod.java:47)&#13;
	at org.junit.internal.runners.statements.InvokeMethod.evaluate(InvokeMethod.java:17)&#13;
	at org.junit.runners.ParentRunner.runLeaf(ParentRunner.java:325)&#13;
	at org.junit.runners.BlockJUnit4ClassRunner.runChild(BlockJUnit4ClassRunner.java:78)&#13;
	at org.junit.runners.BlockJUnit4ClassRunner.runChild(BlockJUnit4ClassRunner.java:57)&#13;
	at org.junit.runners.ParentRunner$3.run(ParentRunner.java:290)&#13;
	at org.junit.runners.ParentRunner$1.schedule(ParentRunner.java:71)&#13;
	at org.junit.runners.ParentRunner.runChildren(ParentRunner.java:288)&#13;
	at org.junit.runners.ParentRunner.access$000(ParentRunner.java:58)&#13;
	at org.junit.runners.ParentRunner$2.evaluate(ParentRunner.java:268)&#13;
	at org.junit.runners.ParentRunner.run(ParentRunner.java:363)&#13;
	at org.eclipse.jdt.internal.junit4.runner.JUnit4TestReference.run(JUnit4TestReference.java:86)&#13;
	at org.eclipse.jdt.internal.junit.runner.TestExecution.run(TestExecution.java:38)&#13;
	at org.eclipse.jdt.internal.junit.runner.RemoteTestRunner.runTests(RemoteTestRunner.java:459)&#13;
	at org.eclipse.jdt.internal.junit.runner.RemoteTestRunner.runTests(RemoteTestRunner.java:678)&#13;
	at org.eclipse.jdt.internal.junit.runner.RemoteTestRunner.run(RemoteTestRunner.java:382)&#13;
	at org.eclipse.jdt.internal.junit.runner.RemoteTestRunner.main(RemoteTestRunner.java:192)&#13;
&#13;
</error>
    </testcase>
    <testcase name="pictureCountRangeTest" classname="a3test.A3AdeptTest" time="0.0"/>
    <testcase name="equalsTest" classname="a3test.A3AdeptTest" time="0.0"/>
    <testcase name="blendTest" classname="a3test.A3AdeptTest" time="0.001"/>
  </testsuite>
</testrun>
